<?xml version="1.0" encoding="UTF-8"?>
<!-- Generated by org.testng.reporters.JUnitXMLReporter -->
<testsuite hostname="LAPTOP-L4O1C8HM" ignored="0" name="AmazonAutomationTest1" tests="1" failures="1" timestamp="14 Jan 2022 09:24:56 GMT" time="0.052" errors="0">
  <testcase name="latestLegislationTestCase" time="0.0" classname="test.AmazonAutomationTest">
    <failure type="org.testng.TestNGException" message="
Cannot inject @Test annotated Method [latestLegislationTestCase] with [class java.lang.String].
For more information on native dependency injection please refer to http://testng.org/doc/documentation-main.html#native-dependency-injection">
      <![CDATA[org.testng.TestNGException: 
Cannot inject @Test annotated Method [latestLegislationTestCase] with [class java.lang.String].
For more information on native dependency injection please refer to http://testng.org/doc/documentation-main.html#native-dependency-injection
... Removed 24 stack frames]]>
    </failure>
  </testcase> <!-- latestLegislationTestCase -->
</testsuite> <!-- AmazonAutomationTest1 -->
